[1.118s] Invoking command in '/home/ajr/ros2_ws/src/Tot_JFR_Kisbead': PYTHONPATH=/home/ajr/ros2_ws/src/Tot_JFR_Kisbead/build/tt_code/prefix_override:/usr/lib/python3/dist-packages/colcon_core/task/python/colcon_distutils_commands:/home/ajr/ros2_ws/src/Tot_JFR_Kisbead/install/tt_code/lib/python3.10/site-packages:${PYTHONPATH} /usr/bin/python3 -W ignore:setup.py install is deprecated setup.py egg_info --egg-base build/tt_code build --build-base /home/ajr/ros2_ws/src/Tot_JFR_Kisbead/build/tt_code/build install --record /home/ajr/ros2_ws/src/Tot_JFR_Kisbead/build/tt_code/install.log --single-version-externally-managed install_data
[1.532s] running egg_info
[1.533s] creating build/tt_code/tt_code.egg-info
[1.534s] writing build/tt_code/tt_code.egg-info/PKG-INFO
[1.536s] writing dependency_links to build/tt_code/tt_code.egg-info/dependency_links.txt
[1.536s] writing entry points to build/tt_code/tt_code.egg-info/entry_points.txt
[1.536s] writing requirements to build/tt_code/tt_code.egg-info/requires.txt
[1.536s] writing top-level names to build/tt_code/tt_code.egg-info/top_level.txt
[1.537s] writing manifest file 'build/tt_code/tt_code.egg-info/SOURCES.txt'
[1.537s] reading manifest file 'build/tt_code/tt_code.egg-info/SOURCES.txt'
[1.538s] adding license file 'LICENSE'
[1.540s] writing manifest file 'build/tt_code/tt_code.egg-info/SOURCES.txt'
[1.541s] running build
[1.541s] running install
[1.542s] running install_data
[1.542s] creating /home/ajr/ros2_ws/src/Tot_JFR_Kisbead/install/tt_code/share/ament_index
[1.542s] creating /home/ajr/ros2_ws/src/Tot_JFR_Kisbead/install/tt_code/share/ament_index/resource_index
[1.543s] creating /home/ajr/ros2_ws/src/Tot_JFR_Kisbead/install/tt_code/share/ament_index/resource_index/packages
[1.543s] error: can't copy 'resource/tt_code': doesn't exist or not a regular file
[1.572s] Invoked command in '/home/ajr/ros2_ws/src/Tot_JFR_Kisbead' returned '1': PYTHONPATH=/home/ajr/ros2_ws/src/Tot_JFR_Kisbead/build/tt_code/prefix_override:/usr/lib/python3/dist-packages/colcon_core/task/python/colcon_distutils_commands:/home/ajr/ros2_ws/src/Tot_JFR_Kisbead/install/tt_code/lib/python3.10/site-packages:${PYTHONPATH} /usr/bin/python3 -W ignore:setup.py install is deprecated setup.py egg_info --egg-base build/tt_code build --build-base /home/ajr/ros2_ws/src/Tot_JFR_Kisbead/build/tt_code/build install --record /home/ajr/ros2_ws/src/Tot_JFR_Kisbead/build/tt_code/install.log --single-version-externally-managed install_data
